#
# A fatal error has been detected by the Java Runtime Environment:
#
#  SIGSEGV (0xb) at pc=0x0000000000001190, pid=642823, tid=642833
#
# JRE version: OpenJDK Runtime Environment (17.0.6+10) (build 17.0.6+10-Debian-1)
# Java VM: OpenJDK 64-Bit Server VM (17.0.6+10-Debian-1, mixed mode, sharing, tiered, compressed oops, compressed class ptrs, g1 gc, linux-amd64)
# Problematic frame:
# C  0x0000000000001190
#
# No core dump will be written. Core dumps have been disabled. To enable core dumping, try "ulimit -c unlimited" before starting Java again
#
# If you would like to submit a bug report, please visit:
#   https://bugs.debian.org/openjdk-17
#

---------------  S U M M A R Y ------------

Command Line: -Dfile.encoding=UTF-8 -Duser.country=US -Duser.language=en -Duser.variant com.avrsandbox.snaploader.examples.TestMultiThreading

Host: Intel(R) Core(TM) i3-7020U CPU @ 2.30GHz, 4 cores, 11G, Debian GNU/Linux 11 (bullseye)
Time: Sun Jul 16 12:06:32 2023 EAT elapsed time: 254.644645 seconds (0d 0h 4m 14s)

---------------  T H R E A D  ---------------

Current thread (0x00007f79d41251d0):  VMThread "VM Thread" [stack: 0x00007f79b4700000,0x00007f79b4800000] [id=642833]

Stack: [0x00007f79b4700000,0x00007f79b4800000],  sp=0x00007f79b47fe7c8,  free space=1017k
Native frames: (J=compiled Java code, j=interpreted, Vv=VM code, C=native code)
C  0x0000000000001190


siginfo: si_signo: 11 (SIGSEGV), si_code: 1 (SEGV_MAPERR), si_addr: 0x0000000000001190

Register to memory mapping:

RAX=
[error occurred during error reporting (printing register info), id 0xb, SIGSEGV (0xb) at pc=0x00007f79db633a0e]

Registers:
RAX=0x00007f79d8019e18, RBX=0x00007f79db723020, RCX=0x00007f79db6b8eb0, RDX=0x0000000000000001
RSP=0x00007f79b47fe7c8, RBP=0x00007f79b47fe8c0, RSI=0x00007f79d8019e18, RDI=0x000056079292a940
R8 =0x0000000000000000, R9 =0x00007f79b47fe77f, R10=0x00007f79b47fe690, R11=0x00007f79b47fe780
R12=0x0000000000000000, R13=0x00007f79db723a28, R14=0x00007f79b47fe840, R15=0x00007f795c0e66a0
RIP=0x0000000000001190, EFLAGS=0x0000000000010202, CSGSFS=0x002b000000000033, ERR=0x0000000000000014
  TRAPNO=0x000000000000000e

Top of Stack: (sp=0x00007f79b47fe7c8)
0x00007f79b47fe7c8:   00007f79db6f587e 00007f79db7242e0
0x00007f79b47fe7d8:   00007f79db7248b0 00007f79db6ef360
0x00007f79b47fe7e8:   00007f79d4001b70 00007f79d4024cf0
0x00007f79b47fe7f8:   00007f79db6efdc0 00007f79d4124820 

Instructions: (pc=0x0000000000001190)
0x0000000000001090:   ?? ?? ?? ?? ?? ?? ?? ?? ?? ?? ?? ?? ?? ?? ?? ??
0x00000000000010a0:   ?? ?? ?? ?? ?? ?? ?? ?? ?? ?? ?? ?? ?? ?? ?? ??
0x00000000000010b0:   ?? ?? ?? ?? ?? ?? ?? ?? ?? ?? ?? ?? ?? ?? ?? ??
0x00000000000010c0:   ?? ?? ?? ?? ?? ?? ?? ?? ?? ?? ?? ?? ?? ?? ?? ??
0x00000000000010d0:   ?? ?? ?? ?? ?? ?? ?? ?? ?? ?? ?? ?? ?? ?? ?? ??
0x00000000000010e0:   ?? ?? ?? ?? ?? ?? ?? ?? ?? ?? ?? ?? ?? ?? ?? ??
0x00000000000010f0:   ?? ?? ?? ?? ?? ?? ?? ?? ?? ?? ?? ?? ?? ?? ?? ??
0x0000000000001100:   ?? ?? ?? ?? ?? ?? ?? ?? ?? ?? ?? ?? ?? ?? ?? ??
0x0000000000001110:   ?? ?? ?? ?? ?? ?? ?? ?? ?? ?? ?? ?? ?? ?? ?? ??
0x0000000000001120:   ?? ?? ?? ?? ?? ?? ?? ?? ?? ?? ?? ?? ?? ?? ?? ??
0x0000000000001130:   ?? ?? ?? ?? ?? ?? ?? ?? ?? ?? ?? ?? ?? ?? ?? ??
0x0000000000001140:   ?? ?? ?? ?? ?? ?? ?? ?? ?? ?? ?? ?? ?? ?? ?? ??
0x0000000000001150:   ?? ?? ?? ?? ?? ?? ?? ?? ?? ?? ?? ?? ?? ?? ?? ??
0x0000000000001160:   ?? ?? ?? ?? ?? ?? ?? ?? ?? ?? ?? ?? ?? ?? ?? ??
0x0000000000001170:   ?? ?? ?? ?? ?? ?? ?? ?? ?? ?? ?? ?? ?? ?? ?? ??
0x0000000000001180:   ?? ?? ?? ?? ?? ?? ?? ?? ?? ?? ?? ?? ?? ?? ?? ??
0x0000000000001190:   ?? ?? ?? ?? ?? ?? ?? ?? ?? ?? ?? ?? ?? ?? ?? ??
0x00000000000011a0:   ?? ?? ?? ?? ?? ?? ?? ?? ?? ?? ?? ?? ?? ?? ?? ??
0x00000000000011b0:   ?? ?? ?? ?? ?? ?? ?? ?? ?? ?? ?? ?? ?? ?? ?? ??
0x00000000000011c0:   ?? ?? ?? ?? ?? ?? ?? ?? ?? ?? ?? ?? ?? ?? ?? ??
0x00000000000011d0:   ?? ?? ?? ?? ?? ?? ?? ?? ?? ?? ?? ?? ?? ?? ?? ??
0x00000000000011e0:   ?? ?? ?? ?? ?? ?? ?? ?? ?? ?? ?? ?? ?? ?? ?? ??
0x00000000000011f0:   ?? ?? ?? ?? ?? ?? ?? ?? ?? ?? ?? ?? ?? ?? ?? ??
0x0000000000001200:   ?? ?? ?? ?? ?? ?? ?? ?? ?? ?? ?? ?? ?? ?? ?? ??
0x0000000000001210:   ?? ?? ?? ?? ?? ?? ?? ?? ?? ?? ?? ?? ?? ?? ?? ??
0x0000000000001220:   ?? ?? ?? ?? ?? ?? ?? ?? ?? ?? ?? ?? ?? ?? ?? ??
0x0000000000001230:   ?? ?? ?? ?? ?? ?? ?? ?? ?? ?? ?? ?? ?? ?? ?? ??
0x0000000000001240:   ?? ?? ?? ?? ?? ?? ?? ?? ?? ?? ?? ?? ?? ?? ?? ??
0x0000000000001250:   ?? ?? ?? ?? ?? ?? ?? ?? ?? ?? ?? ?? ?? ?? ?? ??
0x0000000000001260:   ?? ?? ?? ?? ?? ?? ?? ?? ?? ?? ?? ?? ?? ?? ?? ??
0x0000000000001270:   ?? ?? ?? ?? ?? ?? ?? ?? ?? ?? ?? ?? ?? ?? ?? ??
0x0000000000001280:   ?? ?? ?? ?? ?? ?? ?? ?? ?? ?? ?? ?? ?? ?? ?? ?? 


Stack slot to memory mapping:
stack at sp + 0 slots: 0x00007f79db6f587e: <offset 0x000000000000487e> in /lib64/ld-linux-x86-64.so.2 at 0x00007f79db6f1000
stack at sp + 1 slots: 0x00007f79db7242e0 points into unknown readable memory: 0x0000560790ba5000 | 00 50 ba 90 07 56 00 00
stack at sp + 2 slots: 0x00007f79db7248b0 points into unknown readable memory: 0x00007ffc091a7000 | 00 70 1a 09 fc 7f 00 00
stack at sp + 3 slots: 0x00007f79db6ef360 points into unknown readable memory: 0x00007f79db6df000 | 00 f0 6d db 79 7f 00 00
stack at sp + 4 slots: 0x00007f79d4001b70 points into unknown readable memory: 0x00007f79db6d7000 | 00 70 6d db 79 7f 00 00
stack at sp + 5 slots: 0x00007f79d4024cf0 points into unknown readable memory: 0x00007f79d9d03000 | 00 30 d0 d9 79 7f 00 00
stack at sp + 6 slots: 0x00007f79db6efdc0 points into unknown readable memory: 0x00007f79db4c8000 | 00 80 4c db 79 7f 00 00
stack at sp + 7 slots: 0x00007f79d4124820 points into unknown readable memory: 0x00007f79b50b8000 | 00 80 0b b5 79 7f 00 00

VM_Operation (0x00007f798f6fc790): Exit, mode: safepoint, requested by thread 0x00007f7994000fc0


---------------  P R O C E S S  ---------------

Threads class SMR info:
_java_thread_list=0x00007f795c7fa2b0, length=13, elements={
0x00007f79d4013c30, 0x00007f79d4129150, 0x00007f79d412a530, 0x00007f79d4130a60,
0x00007f79d4131e70, 0x00007f79d4133820, 0x00007f79d4134d50, 0x00007f79d41361c0,
0x00007f79d413d750, 0x00007f79d4140f40, 0x00007f79d4186350, 0x00007f79d4186ea0,
0x00007f7994000fc0
}

Java Threads: ( => current thread )
  0x00007f79d4013c30 JavaThread "main" [_thread_blocked, id=642827, stack(0x00007f79d9d33000,0x00007f79d9e33000)]
  0x00007f79d4129150 JavaThread "Reference Handler" daemon [_thread_blocked, id=642834, stack(0x00007f79b45fe000,0x00007f79b46fe000)]
  0x00007f79d412a530 JavaThread "Finalizer" daemon [_thread_blocked, id=642835, stack(0x00007f79b44fe000,0x00007f79b45fe000)]
  0x00007f79d4130a60 JavaThread "Service Thread" daemon [_thread_blocked, id=642837, stack(0x00007f79b4015000,0x00007f79b4115000)]
  0x00007f79d4131e70 JavaThread "Monitor Deflation Thread" daemon [_thread_blocked, id=642838, stack(0x00007f798ff00000,0x00007f7990000000)]
  0x00007f79d4133820 JavaThread "C2 CompilerThread0" daemon [_thread_blocked, id=642839, stack(0x00007f798fe00000,0x00007f798ff00000)]
  0x00007f79d4134d50 JavaThread "C1 CompilerThread0" daemon [_thread_blocked, id=642840, stack(0x00007f798fd00000,0x00007f798fe00000)]
  0x00007f79d41361c0 JavaThread "Sweeper thread" daemon [_thread_blocked, id=642841, stack(0x00007f798fc00000,0x00007f798fd00000)]
  0x00007f79d413d750 JavaThread "Notification Thread" daemon [_thread_blocked, id=642842, stack(0x00007f798fb00000,0x00007f798fc00000)]
  0x00007f79d4140f40 JavaThread "Common-Cleaner" daemon [_thread_blocked, id=642844, stack(0x00007f798f8fe000,0x00007f798f9fe000)]
  0x00007f79d4186350 JavaThread "Thread-Zero" [_thread_blocked, id=642845, stack(0x00007f798f7fe000,0x00007f798f8fe000)]
  0x00007f79d4186ea0 JavaThread "Thread-One" [_thread_blocked, id=642846, stack(0x00007f798f6fe000,0x00007f798f7fe000)]
  0x00007f7994000fc0 JavaThread "SIGTERM handler" daemon [_thread_blocked, id=644084, stack(0x00007f798f5fe000,0x00007f798f6fe000)]

Other Threads:
=>0x00007f79d41251d0 VMThread "VM Thread" [stack: 0x00007f79b4700000,0x00007f79b4800000] [id=642833]
  0x00007f79d406bbb0 GCTaskThread "GC Thread#0" [stack: 0x00007f79d8490000,0x00007f79d8590000] [id=642828]
  0x00007f7998004e80 GCTaskThread "GC Thread#1" [stack: 0x00007f798f3fe000,0x00007f798f4fe000] [id=642933]
  0x00007f7998005640 GCTaskThread "GC Thread#2" [stack: 0x00007f798f2fc000,0x00007f798f3fc000] [id=642934]
  0x00007f7998005ef0 GCTaskThread "GC Thread#3" [stack: 0x00007f798f1fa000,0x00007f798f2fa000] [id=642935]
  0x00007f79d4078aa0 ConcurrentGCThread "G1 Main Marker" terminated
  0x00007f79d4079a00 ConcurrentGCThread "G1 Conc#0" [stack: 0x00007f79d828c000,0x00007f79d838c000] [id=642830]
  0x00007f79d40f7f90 ConcurrentGCThread "G1 Refine#0" terminated
  0x00007f79d40f8e80 ConcurrentGCThread "G1 Service" terminated

Threads with active compile tasks:

VM state: at safepoint (shutting down)

VM Mutex/Monitor currently owned by a thread:  ([mutex/lock_event])
[0x00007f79d4010d70] Threads_lock - owner thread: 0x00007f79d41251d0
[0x00007f79d4011520] Heap_lock - owner thread: 0x00007f7994000fc0

Heap address: 0x0000000746e00000, size: 2962 MB, Compressed Oops mode: Zero based, Oop shift amount: 3

CDS archive(s) mapped at: [0x0000000800000000-0x0000000800be3000-0x0000000800be3000), size 12464128, SharedBaseAddress: 0x0000000800000000, ArchiveRelocationMode: 0.
Compressed class space mapped at: 0x0000000800c00000-0x0000000840c00000, reserved size: 1073741824
Narrow klass base: 0x0000000800000000, Narrow klass shift: 0, Narrow klass range: 0x100000000

GC Precious Log:
 CPUs: 4 total, 4 available
 Memory: 11843M
 Large Page Support: Disabled
 NUMA Support: Disabled
 Compressed Oops: Enabled (Zero based)
 Heap Region Size: 2M
 Heap Min Capacity: 8M
 Heap Initial Capacity: 186M
 Heap Max Capacity: 2962M
 Pre-touch: Disabled
 Parallel Workers: 4
 Concurrent Workers: 1
 Concurrent Refinement Workers: 4
 Periodic GC: Disabled

Heap:
 garbage-first heap   total 194560K, used 46899K [0x0000000746e00000, 0x0000000800000000)
  region size 2048K, 14 young (28672K), 2 survivors (4096K)
 Metaspace       used 1128K, committed 1344K, reserved 1056768K
  class space    used 100K, committed 192K, reserved 1048576K

Heap Regions: E=young(eden), S=young(survivor), O=old, HS=humongous(starts), HC=humongous(continues), CS=collection set, F=free, OA=open archive, CA=closed archive, TAMS=top-at-mark-start (previous, next)
|   0|0x0000000746e00000, 0x0000000747000000, 0x0000000747000000|100%| O|  |TAMS 0x0000000746e00000, 0x0000000746e00000| Untracked 
|   1|0x0000000747000000, 0x0000000747200000, 0x0000000747200000|100%| O|  |TAMS 0x0000000747000000, 0x0000000747000000| Untracked 
|   2|0x0000000747200000, 0x0000000747400000, 0x0000000747400000|100%| O|  |TAMS 0x0000000747200000, 0x0000000747200000| Untracked 
|   3|0x0000000747400000, 0x0000000747600000, 0x0000000747600000|100%| O|  |TAMS 0x0000000747400000, 0x0000000747400000| Untracked 
|   4|0x0000000747600000, 0x0000000747800000, 0x0000000747800000|100%| O|  |TAMS 0x0000000747600000, 0x0000000747600000| Untracked 
|   5|0x0000000747800000, 0x0000000747a00000, 0x0000000747a00000|100%| O|  |TAMS 0x0000000747800000, 0x0000000747800000| Untracked 
|   6|0x0000000747a00000, 0x0000000747c00000, 0x0000000747c00000|100%| O|  |TAMS 0x0000000747a00000, 0x0000000747a00000| Untracked 
|   7|0x0000000747c00000, 0x0000000747e00000, 0x0000000747e00000|100%| O|  |TAMS 0x0000000747c00000, 0x0000000747c00000| Untracked 
|   8|0x0000000747e00000, 0x0000000747fd2c00, 0x0000000748000000| 91%| O|  |TAMS 0x0000000747e00000, 0x0000000747e00000| Untracked 
|   9|0x0000000748000000, 0x0000000748000000, 0x0000000748200000|  0%| F|  |TAMS 0x0000000748000000, 0x0000000748000000| Untracked 
|  10|0x0000000748200000, 0x0000000748200000, 0x0000000748400000|  0%| F|  |TAMS 0x0000000748200000, 0x0000000748200000| Untracked 
|  11|0x0000000748400000, 0x0000000748400000, 0x0000000748600000|  0%| F|  |TAMS 0x0000000748400000, 0x0000000748400000| Untracked 
|  12|0x0000000748600000, 0x0000000748600000, 0x0000000748800000|  0%| F|  |TAMS 0x0000000748600000, 0x0000000748600000| Untracked 
|  13|0x0000000748800000, 0x0000000748800000, 0x0000000748a00000|  0%| F|  |TAMS 0x0000000748800000, 0x0000000748800000| Untracked 
|  14|0x0000000748a00000, 0x0000000748a00000, 0x0000000748c00000|  0%| F|  |TAMS 0x0000000748a00000, 0x0000000748a00000| Untracked 
|  15|0x0000000748c00000, 0x0000000748c00000, 0x0000000748e00000|  0%| F|  |TAMS 0x0000000748c00000, 0x0000000748c00000| Untracked 
|  16|0x0000000748e00000, 0x0000000748e00000, 0x0000000749000000|  0%| F|  |TAMS 0x0000000748e00000, 0x0000000748e00000| Untracked 
|  17|0x0000000749000000, 0x0000000749000000, 0x0000000749200000|  0%| F|  |TAMS 0x0000000749000000, 0x0000000749000000| Untracked 
|  18|0x0000000749200000, 0x0000000749200000, 0x0000000749400000|  0%| F|  |TAMS 0x0000000749200000, 0x0000000749200000| Untracked 
|  19|0x0000000749400000, 0x0000000749400000, 0x0000000749600000|  0%| F|  |TAMS 0x0000000749400000, 0x0000000749400000| Untracked 
|  20|0x0000000749600000, 0x0000000749600000, 0x0000000749800000|  0%| F|  |TAMS 0x0000000749600000, 0x0000000749600000| Untracked 
|  21|0x0000000749800000, 0x0000000749800000, 0x0000000749a00000|  0%| F|  |TAMS 0x0000000749800000, 0x0000000749800000| Untracked 
|  22|0x0000000749a00000, 0x0000000749a00000, 0x0000000749c00000|  0%| F|  |TAMS 0x0000000749a00000, 0x0000000749a00000| Untracked 
|  23|0x0000000749c00000, 0x0000000749c00000, 0x0000000749e00000|  0%| F|  |TAMS 0x0000000749c00000, 0x0000000749c00000| Untracked 
|  24|0x0000000749e00000, 0x0000000749e00000, 0x000000074a000000|  0%| F|  |TAMS 0x0000000749e00000, 0x0000000749e00000| Untracked 
|  25|0x000000074a000000, 0x000000074a000000, 0x000000074a200000|  0%| F|  |TAMS 0x000000074a000000, 0x000000074a000000| Untracked 
|  26|0x000000074a200000, 0x000000074a200000, 0x000000074a400000|  0%| F|  |TAMS 0x000000074a200000, 0x000000074a200000| Untracked 
|  27|0x000000074a400000, 0x000000074a400000, 0x000000074a600000|  0%| F|  |TAMS 0x000000074a400000, 0x000000074a400000| Untracked 
|  28|0x000000074a600000, 0x000000074a600000, 0x000000074a800000|  0%| F|  |TAMS 0x000000074a600000, 0x000000074a600000| Untracked 
|  29|0x000000074a800000, 0x000000074a800000, 0x000000074aa00000|  0%| F|  |TAMS 0x000000074a800000, 0x000000074a800000| Untracked 
|  30|0x000000074aa00000, 0x000000074aa00000, 0x000000074ac00000|  0%| F|  |TAMS 0x000000074aa00000, 0x000000074aa00000| Untracked 
|  31|0x000000074ac00000, 0x000000074ac00000, 0x000000074ae00000|  0%| F|  |TAMS 0x000000074ac00000, 0x000000074ac00000| Untracked 
|  32|0x000000074ae00000, 0x000000074ae00000, 0x000000074b000000|  0%| F|  |TAMS 0x000000074ae00000, 0x000000074ae00000| Untracked 
|  33|0x000000074b000000, 0x000000074b000000, 0x000000074b200000|  0%| F|  |TAMS 0x000000074b000000, 0x000000074b000000| Untracked 
|  34|0x000000074b200000, 0x000000074b200000, 0x000000074b400000|  0%| F|  |TAMS 0x000000074b200000, 0x000000074b200000| Untracked 
|  35|0x000000074b400000, 0x000000074b400000, 0x000000074b600000|  0%| F|  |TAMS 0x000000074b400000, 0x000000074b400000| Untracked 
|  36|0x000000074b600000, 0x000000074b600000, 0x000000074b800000|  0%| F|  |TAMS 0x000000074b600000, 0x000000074b600000| Untracked 
|  37|0x000000074b800000, 0x000000074b800000, 0x000000074ba00000|  0%| F|  |TAMS 0x000000074b800000, 0x000000074b800000| Untracked 
|  38|0x000000074ba00000, 0x000000074ba00000, 0x000000074bc00000|  0%| F|  |TAMS 0x000000074ba00000, 0x000000074ba00000| Untracked 
|  39|0x000000074bc00000, 0x000000074bc00000, 0x000000074be00000|  0%| F|  |TAMS 0x000000074bc00000, 0x000000074bc00000| Untracked 
|  40|0x000000074be00000, 0x000000074be00000, 0x000000074c000000|  0%| F|  |TAMS 0x000000074be00000, 0x000000074be00000| Untracked 
|  41|0x000000074c000000, 0x000000074c000000, 0x000000074c200000|  0%| F|  |TAMS 0x000000074c000000, 0x000000074c000000| Untracked 
|  42|0x000000074c200000, 0x000000074c200000, 0x000000074c400000|  0%| F|  |TAMS 0x000000074c200000, 0x000000074c200000| Untracked 
|  43|0x000000074c400000, 0x000000074c400000, 0x000000074c600000|  0%| F|  |TAMS 0x000000074c400000, 0x000000074c400000| Untracked 
|  44|0x000000074c600000, 0x000000074c600000, 0x000000074c800000|  0%| F|  |TAMS 0x000000074c600000, 0x000000074c600000| Untracked 
|  45|0x000000074c800000, 0x000000074c800000, 0x000000074ca00000|  0%| F|  |TAMS 0x000000074c800000, 0x000000074c800000| Untracked 
|  46|0x000000074ca00000, 0x000000074ca00000, 0x000000074cc00000|  0%| F|  |TAMS 0x000000074ca00000, 0x000000074ca00000| Untracked 
|  47|0x000000074cc00000, 0x000000074cc00000, 0x000000074ce00000|  0%| F|  |TAMS 0x000000074cc00000, 0x000000074cc00000| Untracked 
|  48|0x000000074ce00000, 0x000000074ce00000, 0x000000074d000000|  0%| F|  |TAMS 0x000000074ce00000, 0x000000074ce00000| Untracked 
|  49|0x000000074d000000, 0x000000074d000000, 0x000000074d200000|  0%| F|  |TAMS 0x000000074d000000, 0x000000074d000000| Untracked 
|  50|0x000000074d200000, 0x000000074d200000, 0x000000074d400000|  0%| F|  |TAMS 0x000000074d200000, 0x000000074d200000| Untracked 
|  51|0x000000074d400000, 0x000000074d400000, 0x000000074d600000|  0%| F|  |TAMS 0x000000074d400000, 0x000000074d400000| Untracked 
|  52|0x000000074d600000, 0x000000074d600000, 0x000000074d800000|  0%| F|  |TAMS 0x000000074d600000, 0x000000074d600000| Untracked 
|  53|0x000000074d800000, 0x000000074d800000, 0x000000074da00000|  0%| F|  |TAMS 0x000000074d800000, 0x000000074d800000| Untracked 
|  54|0x000000074da00000, 0x000000074da00000, 0x000000074dc00000|  0%| F|  |TAMS 0x000000074da00000, 0x000000074da00000| Untracked 
|  55|0x000000074dc00000, 0x000000074dc00000, 0x000000074de00000|  0%| F|  |TAMS 0x000000074dc00000, 0x000000074dc00000| Untracked 
|  56|0x000000074de00000, 0x000000074de00000, 0x000000074e000000|  0%| F|  |TAMS 0x000000074de00000, 0x000000074de00000| Untracked 
|  57|0x000000074e000000, 0x000000074e000000, 0x000000074e200000|  0%| F|  |TAMS 0x000000074e000000, 0x000000074e000000| Untracked 
|  58|0x000000074e200000, 0x000000074e200000, 0x000000074e400000|  0%| F|  |TAMS 0x000000074e200000, 0x000000074e200000| Untracked 
|  59|0x000000074e400000, 0x000000074e400000, 0x000000074e600000|  0%| F|  |TAMS 0x000000074e400000, 0x000000074e400000| Untracked 
|  60|0x000000074e600000, 0x000000074e600000, 0x000000074e800000|  0%| F|  |TAMS 0x000000074e600000, 0x000000074e600000| Untracked 
|  61|0x000000074e800000, 0x000000074e800000, 0x000000074ea00000|  0%| F|  |TAMS 0x000000074e800000, 0x000000074e800000| Untracked 
|  62|0x000000074ea00000, 0x000000074ea00000, 0x000000074ec00000|  0%| F|  |TAMS 0x000000074ea00000, 0x000000074ea00000| Untracked 
|  63|0x000000074ec00000, 0x000000074ec00000, 0x000000074ee00000|  0%| F|  |TAMS 0x000000074ec00000, 0x000000074ec00000| Untracked 
|  64|0x000000074ee00000, 0x000000074ee00000, 0x000000074f000000|  0%| F|  |TAMS 0x000000074ee00000, 0x000000074ee00000| Untracked 
|  65|0x000000074f000000, 0x000000074f000000, 0x000000074f200000|  0%| F|  |TAMS 0x000000074f000000, 0x000000074f000000| Untracked 
|  66|0x000000074f200000, 0x000000074f200000, 0x000000074f400000|  0%| F|  |TAMS 0x000000074f200000, 0x000000074f200000| Untracked 
|  67|0x000000074f400000, 0x000000074f400000, 0x000000074f600000|  0%| F|  |TAMS 0x000000074f400000, 0x000000074f400000| Untracked 
|  68|0x000000074f600000, 0x000000074f600000, 0x000000074f800000|  0%| F|  |TAMS 0x000000074f600000, 0x000000074f600000| Untracked 
|  69|0x000000074f800000, 0x000000074f800000, 0x000000074fa00000|  0%| F|  |TAMS 0x000000074f800000, 0x000000074f800000| Untracked 
|  70|0x000000074fa00000, 0x000000074fa00000, 0x000000074fc00000|  0%| F|  |TAMS 0x000000074fa00000, 0x000000074fa00000| Untracked 
|  71|0x000000074fc00000, 0x000000074fc00000, 0x000000074fe00000|  0%| F|  |TAMS 0x000000074fc00000, 0x000000074fc00000| Untracked 
|  72|0x000000074fe00000, 0x000000074fe00000, 0x0000000750000000|  0%| F|  |TAMS 0x000000074fe00000, 0x000000074fe00000| Untracked 
|  73|0x0000000750000000, 0x0000000750000000, 0x0000000750200000|  0%| F|  |TAMS 0x0000000750000000, 0x0000000750000000| Untracked 
|  74|0x0000000750200000, 0x0000000750200000, 0x0000000750400000|  0%| F|  |TAMS 0x0000000750200000, 0x0000000750200000| Untracked 
|  75|0x0000000750400000, 0x0000000750400000, 0x0000000750600000|  0%| F|  |TAMS 0x0000000750400000, 0x0000000750400000| Untracked 
|  76|0x0000000750600000, 0x0000000750600000, 0x0000000750800000|  0%| F|  |TAMS 0x0000000750600000, 0x0000000750600000| Untracked 
|  77|0x0000000750800000, 0x0000000750a00000, 0x0000000750a00000|100%| S|CS|TAMS 0x0000000750800000, 0x0000000750800000| Complete 
|  78|0x0000000750a00000, 0x0000000750a00000, 0x0000000750c00000|  0%| F|  |TAMS 0x0000000750a00000, 0x0000000750a00000| Untracked 
|  79|0x0000000750c00000, 0x0000000750c00000, 0x0000000750e00000|  0%| F|  |TAMS 0x0000000750c00000, 0x0000000750c00000| Untracked 
|  80|0x0000000750e00000, 0x0000000751000000, 0x0000000751000000|100%| S|CS|TAMS 0x0000000750e00000, 0x0000000750e00000| Complete 
|  81|0x0000000751000000, 0x00000007511293f0, 0x0000000751200000| 58%| E|  |TAMS 0x0000000751000000, 0x0000000751000000| Complete 
|  82|0x0000000751200000, 0x0000000751400000, 0x0000000751400000|100%| E|CS|TAMS 0x0000000751200000, 0x0000000751200000| Complete 
|  83|0x0000000751400000, 0x0000000751600000, 0x0000000751600000|100%| E|CS|TAMS 0x0000000751400000, 0x0000000751400000| Complete 
|  84|0x0000000751600000, 0x0000000751800000, 0x0000000751800000|100%| E|CS|TAMS 0x0000000751600000, 0x0000000751600000| Complete 
|  85|0x0000000751800000, 0x0000000751a00000, 0x0000000751a00000|100%| E|CS|TAMS 0x0000000751800000, 0x0000000751800000| Complete 
|  86|0x0000000751a00000, 0x0000000751c00000, 0x0000000751c00000|100%| E|CS|TAMS 0x0000000751a00000, 0x0000000751a00000| Complete 
|  87|0x0000000751c00000, 0x0000000751e00000, 0x0000000751e00000|100%| E|CS|TAMS 0x0000000751c00000, 0x0000000751c00000| Complete 
|  88|0x0000000751e00000, 0x0000000752000000, 0x0000000752000000|100%| E|CS|TAMS 0x0000000751e00000, 0x0000000751e00000| Complete 
|  89|0x0000000752000000, 0x0000000752200000, 0x0000000752200000|100%| E|CS|TAMS 0x0000000752000000, 0x0000000752000000| Complete 
|  90|0x0000000752200000, 0x0000000752400000, 0x0000000752400000|100%| E|CS|TAMS 0x0000000752200000, 0x0000000752200000| Complete 
|  91|0x0000000752400000, 0x0000000752600000, 0x0000000752600000|100%| E|CS|TAMS 0x0000000752400000, 0x0000000752400000| Complete 
|  92|0x0000000752600000, 0x0000000752800000, 0x0000000752800000|100%| E|CS|TAMS 0x0000000752600000, 0x0000000752600000| Complete 
|1479|0x00000007ffc00000, 0x00000007ffd77000, 0x00000007ffe00000| 73%|OA|  |TAMS 0x00000007ffc00000, 0x00000007ffc00000| Untracked 
|1480|0x00000007ffe00000, 0x00000007ffe83000, 0x0000000800000000| 25%|CA|  |TAMS 0x00000007ffe00000, 0x00000007ffe00000| Untracked 

Card table byte_map: [0x00007f79d8b8b000,0x00007f79d9154000] _byte_map_base: 0x00007f79d5154000

Marking Bits (Prev, Next): (CMBitMap*) 0x00007f79d406c630, (CMBitMap*) 0x00007f79d406c670
 Prev Bits: [0x00007f79ba4b3000, 0x00007f79bd2fb000)
 Next Bits: [0x00007f79b766b000, 0x00007f79ba4b3000)

Polling page: 0x00007f79db6d4000

Metaspace:

Usage:
  Non-class:      1.00 MB used.
      Class:    100.75 KB used.
       Both:      1.10 MB used.

Virtual space:
  Non-class space:        8.00 MB reserved,       1.12 MB ( 14%) committed,  1 nodes.
      Class space:        1.00 GB reserved,     192.00 KB ( <1%) committed,  1 nodes.
             Both:        1.01 GB reserved,       1.31 MB ( <1%) committed. 

Chunk freelists:
   Non-Class:  3.86 MB
       Class:  3.70 MB
        Both:  7.56 MB

MaxMetaspaceSize: unlimited
CompressedClassSpaceSize: 1.00 GB
Initial GC threshold: 21.00 MB
Current GC threshold: 21.00 MB
CDS: on
MetaspaceReclaimPolicy: balanced
 - commit_granule_bytes: 65536.
 - commit_granule_words: 8192.
 - virtual_space_node_default_size: 1048576.
 - enlarge_chunks_in_place: 1.
 - new_chunks_are_fully_committed: 0.
 - uncommit_free_chunks: 1.
 - use_allocation_guard: 0.
 - handle_deallocations: 1.


Internal statistics:

num_allocs_failed_limit: 0.
num_arena_births: 70.
num_arena_deaths: 0.
num_vsnodes_births: 2.
num_vsnodes_deaths: 0.
num_space_committed: 21.
num_space_uncommitted: 0.
num_chunks_returned_to_freelist: 0.
num_chunks_taken_from_freelist: 101.
num_chunk_merges: 0.
num_chunk_splits: 56.
num_chunks_enlarged: 18.
num_purges: 0.
num_inconsistent_stats: 0.

CodeHeap 'non-profiled nmethods': size=120032Kb used=181Kb max_used=181Kb free=119850Kb
 bounds [0x00007f79c4dc3000, 0x00007f79c5033000, 0x00007f79cc2fb000]
CodeHeap 'profiled nmethods': size=120028Kb used=850Kb max_used=850Kb free=119177Kb
 bounds [0x00007f79bd2fb000, 0x00007f79bd56b000, 0x00007f79c4832000]
CodeHeap 'non-nmethods': size=5700Kb used=1109Kb max_used=1139Kb free=4590Kb
 bounds [0x00007f79c4832000, 0x00007f79c4aa2000, 0x00007f79c4dc3000]
 total_blobs=940 nmethods=547 adapters=307
 compilation: enabled
              stopped_count=0, restarted_count=0
 full_count=0

Compilation events (20 events):
Event: 191.980 Thread 0x00007f79d4133820  538       4       java.lang.String::startsWith (138 bytes)
Event: 191.985 Thread 0x00007f79d4133820 nmethod 538 0x00007f79c4de9190 code [0x00007f79c4de9320, 0x00007f79c4de9558]
Event: 206.249 Thread 0x00007f79d4133820  539       4       java.util.Arrays::copyOfRange (64 bytes)
Event: 206.253 Thread 0x00007f79d4133820 nmethod 539 0x00007f79c4de9790 code [0x00007f79c4de9920, 0x00007f79c4de9c18]
Event: 213.887 Thread 0x00007f79d4133820  540       4       jdk.internal.misc.Unsafe::allocateUninitializedArray0 (90 bytes)
Event: 213.888 Thread 0x00007f79d4133820 nmethod 540 0x00007f79c4de9d90 code [0x00007f79c4de9f20, 0x00007f79c4dea0d8]
Event: 224.713 Thread 0x00007f79d4133820  541   !   4       java.util.WeakHashMap::expungeStaleEntries (139 bytes)
Event: 224.742 Thread 0x00007f79d4133820 nmethod 541 0x00007f79c4dea190 code [0x00007f79c4dea340, 0x00007f79c4deb338]
Event: 224.914 Thread 0x00007f79d4133820  542       4       java.lang.StringConcatHelper::newString (67 bytes)
Event: 224.915 Thread 0x00007f79d4133820 nmethod 542 0x00007f79c4deb710 code [0x00007f79c4deb8a0, 0x00007f79c4deb998]
Event: 234.026 Thread 0x00007f79d4133820  543       4       java.util.zip.ZipFile::ensureOpen (40 bytes)
Event: 234.027 Thread 0x00007f79d4133820 nmethod 543 0x00007f79c4deba90 code [0x00007f79c4debc20, 0x00007f79c4debcd8]
Event: 235.444 Thread 0x00007f79d4133820  544       4       java.io.FileOutputStream::write (20 bytes)
Event: 235.445 Thread 0x00007f79d4133820 nmethod 544 0x00007f79c4debd90 code [0x00007f79c4debf20, 0x00007f79c4debfc8]
Event: 235.644 Thread 0x00007f79d4133820  545   !   4       java.util.zip.InflaterInputStream::read (138 bytes)
Event: 235.721 Thread 0x00007f79d4133820 nmethod 545 0x00007f79c4dec090 code [0x00007f79c4dec340, 0x00007f79c4dee960]
Event: 236.650 Thread 0x00007f79d4133820  546       4       java.io.FilterInputStream::read (9 bytes)
Event: 236.651 Thread 0x00007f79d4133820 nmethod 546 0x00007f79c4defe10 code [0x00007f79c4deffa0, 0x00007f79c4df0088]
Event: 237.047 Thread 0x00007f79d4133820  547       4       java.util.zip.ZipFile$Source::zipCoderForPos (39 bytes)
Event: 237.048 Thread 0x00007f79d4133820 nmethod 547 0x00007f79c4df0190 code [0x00007f79c4df0320, 0x00007f79c4df03d8]

GC Heap History (8 events):
Event: 21.549 GC heap before
{Heap before GC invocations=0 (full 0):
 garbage-first heap   total 194560K, used 14312K [0x0000000746e00000, 0x0000000800000000)
  region size 2048K, 6 young (12288K), 0 survivors (0K)
 Metaspace       used 1078K, committed 1280K, reserved 1056768K
  class space    used 100K, committed 192K, reserved 1048576K
}
Event: 21.556 GC heap after
{Heap after GC invocations=1 (full 0):
 garbage-first heap   total 194560K, used 7194K [0x0000000746e00000, 0x0000000800000000)
  region size 2048K, 1 young (2048K), 1 survivors (2048K)
 Metaspace       used 1078K, committed 1280K, reserved 1056768K
  class space    used 100K, committed 192K, reserved 1048576K
}
Event: 34.978 GC heap before
{Heap before GC invocations=1 (full 0):
 garbage-first heap   total 194560K, used 13338K [0x0000000746e00000, 0x0000000800000000)
  region size 2048K, 4 young (8192K), 1 survivors (2048K)
 Metaspace       used 1116K, committed 1280K, reserved 1056768K
  class space    used 100K, committed 192K, reserved 1048576K
}
Event: 34.980 GC heap after
{Heap after GC invocations=2 (full 0):
 garbage-first heap   total 194560K, used 8164K [0x0000000746e00000, 0x0000000800000000)
  region size 2048K, 1 young (2048K), 1 survivors (2048K)
 Metaspace       used 1116K, committed 1280K, reserved 1056768K
  class space    used 100K, committed 192K, reserved 1048576K
}
Event: 94.995 GC heap before
{Heap before GC invocations=2 (full 0):
 garbage-first heap   total 194560K, used 30692K [0x0000000746e00000, 0x0000000800000000)
  region size 2048K, 13 young (26624K), 1 survivors (2048K)
 Metaspace       used 1124K, committed 1344K, reserved 1056768K
  class space    used 100K, committed 192K, reserved 1048576K
}
Event: 94.999 GC heap after
{Heap after GC invocations=3 (full 0):
 garbage-first heap   total 194560K, used 16902K [0x0000000746e00000, 0x0000000800000000)
  region size 2048K, 2 young (4096K), 2 survivors (4096K)
 Metaspace       used 1124K, committed 1344K, reserved 1056768K
  class space    used 100K, committed 192K, reserved 1048576K
}
Event: 177.683 GC heap before
{Heap before GC invocations=3 (full 0):
 garbage-first heap   total 194560K, used 39430K [0x0000000746e00000, 0x0000000800000000)
  region size 2048K, 14 young (28672K), 2 survivors (4096K)
 Metaspace       used 1124K, committed 1344K, reserved 1056768K
  class space    used 100K, committed 192K, reserved 1048576K
}
Event: 177.688 GC heap after
{Heap after GC invocations=4 (full 0):
 garbage-first heap   total 194560K, used 24371K [0x0000000746e00000, 0x0000000800000000)
  region size 2048K, 2 young (4096K), 2 survivors (4096K)
 Metaspace       used 1124K, committed 1344K, reserved 1056768K
  class space    used 100K, committed 192K, reserved 1048576K
}

Dll operation events (8 events):
Event: 0.002 Loaded shared library /usr/lib/jvm/java-17-openjdk-amd64/lib/libjava.so
Event: 0.002 Loaded shared library /usr/lib/jvm/java-17-openjdk-amd64/lib/libzip.so
Event: 0.015 Loaded shared library /usr/lib/jvm/java-17-openjdk-amd64/lib/libjsvml.so
Event: 0.050 Loaded shared library /usr/lib/jvm/java-17-openjdk-amd64/lib/libnio.so
Event: 0.054 Loaded shared library /usr/lib/jvm/java-17-openjdk-amd64/lib/libzip.so
Event: 0.094 Loaded shared library /usr/lib/jvm/java-17-openjdk-amd64/lib/libjimage.so
Event: 4.193 Loading shared library /home/twisted/GradleProjects/jSnapLoader/snaploader-examples/libs/libjmealloc.so failed, /home/twisted/GradleProjects/jSnapLoader/snaploader-examples/libs/libjmealloc.so: file too short
Event: 5.014 Loaded shared library /home/twisted/GradleProjects/jSnapLoader/snaploader-examples/libs/libjmealloc.so

Deoptimization events (4 events):
Event: 132.060 Thread 0x00007f79d4186ea0 DEOPT PACKING pc=0x00007f79bd3ade23 sp=0x00007f798f7fc170
Event: 132.060 Thread 0x00007f79d4186ea0 DEOPT UNPACKING pc=0x00007f79c4888e2f sp=0x00007f798f7fb5f0 mode 0
Event: 159.198 Thread 0x00007f79d4186ea0 DEOPT PACKING pc=0x00007f79bd36fb55 sp=0x00007f798f7fc130
Event: 159.198 Thread 0x00007f79d4186ea0 DEOPT UNPACKING pc=0x00007f79c4888e2f sp=0x00007f798f7fb5d8 mode 0

Classes unloaded (0 events):
No events

Classes redefined (0 events):
No events

Internal exceptions (7 events):
Event: 0.380 Thread 0x00007f79d4187e20 Exception <a 'java/lang/NoSuchMethodError'{0x00000007524015e8}: 'void java.lang.invoke.DirectMethodHandle$Holder.invokeSpecial(java.lang.Object, java.lang.Object, java.lang.Object)'> (0x00000007524015e8) 
thrown [./src/hotspot/share/interpreter/linkResolver.cpp, line 758]
Event: 4.193 Thread 0x00007f79d4186ea0 Exception <a 'java/lang/UnsatisfiedLinkError'{0x000000075253f818}> (0x000000075253f818) 
thrown [./src/hotspot/share/prims/jvm.cpp, line 3384]
Event: 4.193 Thread 0x00007f79d4186ea0 Exception <a 'java/lang/UnsatisfiedLinkError'{0x000000075253f818}> (0x000000075253f818) 
thrown [./src/hotspot/share/prims/jni.cpp, line 516]
Event: 4.355 Thread 0x00007f79d4186ea0 Exception <a 'java/lang/NoSuchMethodError'{0x0000000752256540}: 'java.lang.Object java.lang.invoke.DirectMethodHandle$Holder.invokeStaticInit(java.lang.Object)'> (0x0000000752256540) 
thrown [./src/hotspot/share/interpreter/linkResolver.cpp, line 758]
Event: 4.364 Thread 0x00007f79d4186ea0 Exception <a 'java/lang/ClassNotFoundException'{0x000000075226f4b8}: sun/util/logging/resources/spi/loggingProvider> (0x000000075226f4b8) 
thrown [./src/hotspot/share/classfile/systemDictionary.cpp, line 256]
Event: 79.610 Thread 0x00007f79d4187e20 Implicit null exception at 0x00007f79bd39dfa8 to 0x00007f79bd39e423
Event: 79.610 Thread 0x00007f79d4187e20 Exception <a 'java/lang/NullPointerException'{0x0000000751387350}> (0x0000000751387350) 
thrown [./src/hotspot/share/runtime/sharedRuntime.cpp, line 628]

VM Operations (20 events):
Event: 34.558 Executing VM operation: Cleanup done
Event: 34.978 Executing VM operation: G1CollectForAllocation
Event: 34.980 Executing VM operation: G1CollectForAllocation done
Event: 35.980 Executing VM operation: Cleanup
Event: 35.980 Executing VM operation: Cleanup done
Event: 73.983 Executing VM operation: Cleanup
Event: 73.983 Executing VM operation: Cleanup done
Event: 79.983 Executing VM operation: Cleanup
Event: 79.983 Executing VM operation: Cleanup done
Event: 94.995 Executing VM operation: G1CollectForAllocation
Event: 94.999 Executing VM operation: G1CollectForAllocation done
Event: 177.683 Executing VM operation: G1CollectForAllocation
Event: 177.688 Executing VM operation: G1CollectForAllocation done
Event: 235.693 Executing VM operation: Cleanup
Event: 235.693 Executing VM operation: Cleanup done
Event: 236.693 Executing VM operation: Cleanup
Event: 236.693 Executing VM operation: Cleanup done
Event: 237.693 Executing VM operation: Cleanup
Event: 237.693 Executing VM operation: Cleanup done
Event: 254.623 Executing VM operation: Exit

Events (20 events):
Event: 4.377 loading class sun/net/www/protocol/jrt/Handler
Event: 4.377 loading class sun/net/www/protocol/jrt/Handler done
Event: 4.387 loading class sun/text/resources/cldr/FormatData_en
Event: 4.387 loading class sun/text/resources/cldr/FormatData_en done
Event: 4.387 loading class sun/text/resources/cldr/FormatData_en_US
Event: 4.387 loading class sun/text/resources/cldr/FormatData_en_US done
Event: 4.391 loading class java/io/FileOutputStream$1
Event: 4.391 loading class java/io/FileOutputStream$1 done
Event: 4.612 Thread 0x00007f798018da40 Thread exited: 0x00007f798018da40
Event: 20.492 loading class java/lang/Throwable$WrappedPrintStream
Event: 20.492 loading class java/lang/Throwable$WrappedPrintStream done
Event: 79.612 Thread 0x00007f79d4187e20 Thread exited: 0x00007f79d4187e20
Event: 254.613 loading class jdk/internal/misc/Signal$1
Event: 254.613 loading class jdk/internal/misc/Signal$1 done
Event: 254.620 Thread 0x00007f7994000fc0 Thread added: 0x00007f7994000fc0
Event: 254.620 Protecting memory [0x00007f798f5fe000,0x00007f798f602000] with protection modes 0
Event: 254.622 Thread 0x00007f795c002760 Thread added: 0x00007f795c002760
Event: 254.622 Protecting memory [0x00007f798f4fe000,0x00007f798f502000] with protection modes 0
Event: 254.622 Thread 0x00007f795c002760 Thread exited: 0x00007f795c002760
Event: 254.623 Thread 0x00007f79d412f6b0 Thread exited: 0x00007f79d412f6b0


Dynamic libraries:
746e00000-752800000 rw-p 00000000 00:00 0 
752800000-7ffc00000 ---p 00000000 00:00 0 
7ffc00000-7ffd00000 rw-p 00000000 00:00 0 
7ffd00000-7ffd77000 rw-p 00c9f000 08:09 2509119                          /usr/lib/jvm/java-17-openjdk-amd64/lib/server/classes.jsa
7ffd77000-7ffe00000 rw-p 00000000 00:00 0 
7ffe00000-7ffe83000 rw-p 00c1c000 08:09 2509119                          /usr/lib/jvm/java-17-openjdk-amd64/lib/server/classes.jsa
7ffe83000-800000000 rw-p 00000000 00:00 0 
800000000-800459000 rw-p 00001000 08:09 2509119                          /usr/lib/jvm/java-17-openjdk-amd64/lib/server/classes.jsa
800459000-800be3000 r--p 0045a000 08:09 2509119                          /usr/lib/jvm/java-17-openjdk-amd64/lib/server/classes.jsa
800be3000-800c00000 ---p 00000000 00:00 0 
800c00000-800c10000 rw-p 00000000 00:00 0 
800c10000-800c40000 ---p 00000000 00:00 0 
800c40000-800c60000 rw-p 00000000 00:00 0 
800c60000-840c00000 ---p 00000000 00:00 0 
560790ba5000-560790ba6000 r--p 00000000 08:09 2121133                    /usr/lib/jvm/java-17-openjdk-amd64/bin/java
560790ba6000-560790ba7000 r-xp 00001000 08:09 2121133                    /usr/lib/jvm/java-17-openjdk-amd64/bin/java
560790ba7000-560790ba8000 r--p 00002000 08:09 2121133                    /usr/lib/jvm/java-17-openjdk-amd64/bin/java
560790ba8000-560790ba9000 r--p 00002000 08:09 2121133                    /usr/lib/jvm/java-17-openjdk-amd64/bin/java
560790ba9000-560790baa000 rw-p 00003000 08:09 2121133                    /usr/lib/jvm/java-17-openjdk-amd64/bin/java
560792929000-560792970000 rw-p 00000000 00:00 0                          [heap]
7f794c000000-7f794c021000 rw-p 00000000 00:00 0 
7f794c021000-7f7950000000 ---p 00000000 00:00 0 
7f7954000000-7f7954021000 rw-p 00000000 00:00 0 
7f7954021000-7f7958000000 ---p 00000000 00:00 0 
7f7958000000-7f7958021000 rw-p 00000000 00:00 0 
7f7958021000-7f795c000000 ---p 00000000 00:00 0 
7f795c000000-7f795c7fd000 rw-p 00000000 00:00 0 
7f795c7fd000-7f7960000000 ---p 00000000 00:00 0 
7f7960000000-7f7960021000 rw-p 00000000 00:00 0 
7f7960021000-7f7964000000 ---p 00000000 00:00 0 
7f7964000000-7f796586d000 rw-p 00000000 00:00 0 
7f796586d000-7f7968000000 ---p 00000000 00:00 0 
7f7968000000-7f79697e9000 rw-p 00000000 00:00 0 
7f79697e9000-7f796c000000 ---p 00000000 00:00 0 
7f796c000000-7f796c021000 rw-p 00000000 00:00 0 
7f796c021000-7f7970000000 ---p 00000000 00:00 0 
7f7970000000-7f7970021000 rw-p 00000000 00:00 0 
7f7970021000-7f7974000000 ---p 00000000 00:00 0 
7f7974000000-7f7974021000 rw-p 00000000 00:00 0 
7f7974021000-7f7978000000 ---p 00000000 00:00 0 
7f7978000000-7f7978021000 rw-p 00000000 00:00 0 
7f7978021000-7f797c000000 ---p 00000000 00:00 0 
7f797c000000-7f797c49f000 rw-p 00000000 00:00 0 
7f797c49f000-7f7980000000 ---p 00000000 00:00 0 
7f7980000000-7f7980192000 rw-p 00000000 00:00 0 
7f7980192000-7f7984000000 ---p 00000000 00:00 0 
7f7984000000-7f7984021000 rw-p 00000000 00:00 0 
7f7984021000-7f7988000000 ---p 00000000 00:00 0 
7f7988000000-7f7988021000 rw-p 00000000 00:00 0 
7f7988021000-7f798c000000 ---p 00000000 00:00 0 
7f798f1f8000-7f798f1f9000 ---p 00000000 00:00 0 
7f798f1f9000-7f798f2fa000 rw-p 00000000 00:00 0 
7f798f2fa000-7f798f2fb000 ---p 00000000 00:00 0 
7f798f2fb000-7f798f3fc000 rw-p 00000000 00:00 0 
7f798f3fc000-7f798f3fd000 ---p 00000000 00:00 0 
7f798f3fd000-7f798f4fe000 rw-p 00000000 00:00 0 
7f798f4fe000-7f798f502000 ---p 00000000 00:00 0 
7f798f502000-7f798f5fe000 rw-p 00000000 00:00 0 
7f798f5fe000-7f798f602000 ---p 00000000 00:00 0 
7f798f602000-7f798f6fe000 rw-p 00000000 00:00 0 
7f798f6fe000-7f798f702000 ---p 00000000 00:00 0 
7f798f702000-7f798f7fe000 rw-p 00000000 00:00 0 
7f798f7fe000-7f798f802000 ---p 00000000 00:00 0 
7f798f802000-7f798f8fe000 rw-p 00000000 00:00 0 
7f798f8fe000-7f798f902000 ---p 00000000 00:00 0 
7f798f902000-7f798f9fe000 rw-p 00000000 00:00 0 
7f798f9fe000-7f798f9ff000 ---p 00000000 00:00 0 
7f798f9ff000-7f798fb00000 rw-p 00000000 00:00 0 
7f798fb00000-7f798fb04000 ---p 00000000 00:00 0 
7f798fb04000-7f798fc00000 rw-p 00000000 00:00 0 
7f798fc00000-7f798fc04000 ---p 00000000 00:00 0 
7f798fc04000-7f798fd00000 rw-p 00000000 00:00 0 
7f798fd00000-7f798fd04000 ---p 00000000 00:00 0 
7f798fd04000-7f798fe00000 rw-p 00000000 00:00 0 
7f798fe00000-7f798fe04000 ---p 00000000 00:00 0 
7f798fe04000-7f798ff00000 rw-p 00000000 00:00 0 
7f798ff00000-7f798ff04000 ---p 00000000 00:00 0 
7f798ff04000-7f7990000000 rw-p 00000000 00:00 0 
7f7990000000-7f7990021000 rw-p 00000000 00:00 0 
7f7990021000-7f7994000000 ---p 00000000 00:00 0 
7f7994000000-7f7994021000 rw-p 00000000 00:00 0 
7f7994021000-7f7998000000 ---p 00000000 00:00 0 
7f7998000000-7f7998021000 rw-p 00000000 00:00 0 
7f7998021000-7f799c000000 ---p 00000000 00:00 0 
7f799c000000-7f799c021000 rw-p 00000000 00:00 0 
7f799c021000-7f79a0000000 ---p 00000000 00:00 0 
7f79a0000000-7f79a0021000 rw-p 00000000 00:00 0 
7f79a0021000-7f79a4000000 ---p 00000000 00:00 0 
7f79a4000000-7f79a4021000 rw-p 00000000 00:00 0 
7f79a4021000-7f79a8000000 ---p 00000000 00:00 0 
7f79a8000000-7f79a8021000 rw-p 00000000 00:00 0 
7f79a8021000-7f79ac000000 ---p 00000000 00:00 0 
7f79ac000000-7f79ac021000 rw-p 00000000 00:00 0 
7f79ac021000-7f79b0000000 ---p 00000000 00:00 0 
7f79b0000000-7f79b0021000 rw-p 00000000 00:00 0 
7f79b0021000-7f79b4000000 ---p 00000000 00:00 0 
7f79b4015000-7f79b4019000 ---p 00000000 00:00 0 
7f79b4019000-7f79b4115000 rw-p 00000000 00:00 0 
7f79b4115000-7f79b4119000 ---p 00000000 00:00 0 
7f79b4119000-7f79b4215000 rw-p 00000000 00:00 0 
7f79b4215000-7f79b44fe000 r--p 00000000 08:09 695504                     /usr/lib/locale/locale-archive
7f79b44fe000-7f79b4502000 ---p 00000000 00:00 0 
7f79b4502000-7f79b45fe000 rw-p 00000000 00:00 0 
7f79b45fe000-7f79b4602000 ---p 00000000 00:00 0 
7f79b4602000-7f79b46fe000 rw-p 00000000 00:00 0 
7f79b46fe000-7f79b46ff000 ---p 00000000 00:00 0 
7f79b46ff000-7f79b48f0000 rw-p 00000000 00:00 0 
7f79b48f0000-7f79b4c00000 ---p 00000000 00:00 0 
7f79b4c00000-7f79b4c30000 rw-p 00000000 00:00 0 
7f79b4c30000-7f79b5000000 ---p 00000000 00:00 0 
7f79b5087000-7f79b50b8000 rw-p 00000000 00:00 0 
7f79b50b8000-7f79b50bd000 r--p 00000000 08:09 2242606                    /usr/lib/jvm/java-17-openjdk-amd64/lib/libjsvml.so
7f79b50bd000-7f79b50fe000 r-xp 00005000 08:09 2242606                    /usr/lib/jvm/java-17-openjdk-amd64/lib/libjsvml.so
7f79b50fe000-7f79b5187000 r--p 00046000 08:09 2242606                    /usr/lib/jvm/java-17-openjdk-amd64/lib/libjsvml.so
7f79b5187000-7f79b5188000 r--p 000ce000 08:09 2242606                    /usr/lib/jvm/java-17-openjdk-amd64/lib/libjsvml.so
7f79b5188000-7f79b5189000 rw-p 000cf000 08:09 2242606                    /usr/lib/jvm/java-17-openjdk-amd64/lib/libjsvml.so
7f79b5189000-7f79b5265000 rw-p 00000000 00:00 0 
7f79b5265000-7f79b5266000 ---p 00000000 00:00 0 
7f79b5266000-7f79b5367000 rw-p 00000000 00:00 0 
7f79b5367000-7f79b5368000 ---p 00000000 00:00 0 
7f79b5368000-7f79b7953000 rw-p 00000000 00:00 0 
7f79b7953000-7f79ba4a3000 ---p 00000000 00:00 0 
7f79ba4a3000-7f79ba79b000 rw-p 00000000 00:00 0 
7f79ba79b000-7f79bd2eb000 ---p 00000000 00:00 0 
7f79bd2eb000-7f79bd2fb000 rw-p 00000000 00:00 0 
7f79bd2fb000-7f79bd56b000 rwxp 00000000 00:00 0 
7f79bd56b000-7f79c4832000 ---p 00000000 00:00 0 
7f79c4832000-7f79c4aa2000 rwxp 00000000 00:00 0 
7f79c4aa2000-7f79c4dc3000 ---p 00000000 00:00 0 
7f79c4dc3000-7f79c5033000 rwxp 00000000 00:00 0 
7f79c5033000-7f79cc2fb000 ---p 00000000 00:00 0 
7f79cc2fb000-7f79d4000000 r--s 00000000 08:09 2242621                    /usr/lib/jvm/java-17-openjdk-amd64/lib/modules
7f79d4000000-7f79d418b000 rw-p 00000000 00:00 0 
7f79d418b000-7f79d8000000 ---p 00000000 00:00 0 
7f79d800f000-7f79d8016000 r--s 00000000 08:09 695612                     /usr/lib/x86_64-linux-gnu/gconv/gconv-modules.cache
7f79d8016000-7f79d8017000 r--p 00000000 08:0a 8563261                    /home/twisted/GradleProjects/jSnapLoader/snaploader-examples/libs/libjmealloc.so
7f79d8017000-7f79d8018000 r-xp 00001000 08:0a 8563261                    /home/twisted/GradleProjects/jSnapLoader/snaploader-examples/libs/libjmealloc.so
7f79d8018000-7f79d8019000 r--p 00002000 08:0a 8563261                    /home/twisted/GradleProjects/jSnapLoader/snaploader-examples/libs/libjmealloc.so
7f79d8019000-7f79d801a000 r--p 00002000 08:0a 8563261                    /home/twisted/GradleProjects/jSnapLoader/snaploader-examples/libs/libjmealloc.so
7f79d801a000-7f79d801b000 rw-p 00003000 08:0a 8563261                    /home/twisted/GradleProjects/jSnapLoader/snaploader-examples/libs/libjmealloc.so
7f79d801b000-7f79d801f000 r--p 00000000 08:09 2242612                    /usr/lib/jvm/java-17-openjdk-amd64/lib/libnet.so
7f79d801f000-7f79d802d000 r-xp 00004000 08:09 2242612                    /usr/lib/jvm/java-17-openjdk-amd64/lib/libnet.so
7f79d802d000-7f79d8031000 r--p 00012000 08:09 2242612                    /usr/lib/jvm/java-17-openjdk-amd64/lib/libnet.so
7f79d8031000-7f79d8032000 r--p 00015000 08:09 2242612                    /usr/lib/jvm/java-17-openjdk-amd64/lib/libnet.so
7f79d8032000-7f79d8033000 rw-p 00016000 08:09 2242612                    /usr/lib/jvm/java-17-openjdk-amd64/lib/libnet.so
7f79d8033000-7f79d8039000 r--p 00000000 08:09 2242613                    /usr/lib/jvm/java-17-openjdk-amd64/lib/libnio.so
7f79d8039000-7f79d8041000 r-xp 00006000 08:09 2242613                    /usr/lib/jvm/java-17-openjdk-amd64/lib/libnio.so
7f79d8041000-7f79d8045000 r--p 0000e000 08:09 2242613                    /usr/lib/jvm/java-17-openjdk-amd64/lib/libnio.so
7f79d8045000-7f79d8046000 r--p 00012000 08:09 2242613                    /usr/lib/jvm/java-17-openjdk-amd64/lib/libnio.so
7f79d8046000-7f79d8047000 rw-p 00013000 08:09 2242613                    /usr/lib/jvm/java-17-openjdk-amd64/lib/libnio.so
7f79d8047000-7f79d828a000 rw-p 00000000 00:00 0 
7f79d828a000-7f79d828b000 ---p 00000000 00:00 0 
7f79d828b000-7f79d838c000 rw-p 00000000 00:00 0 
7f79d838c000-7f79d838d000 ---p 00000000 00:00 0 
7f79d838d000-7f79d848e000 rw-p 00000000 00:00 0 
7f79d848e000-7f79d848f000 ---p 00000000 00:00 0 
7f79d848f000-7f79d861f000 rw-p 00000000 00:00 0 
7f79d861f000-7f79d8b89000 ---p 00000000 00:00 0 
7f79d8b89000-7f79d8be8000 rw-p 00000000 00:00 0 
7f79d8be8000-7f79d9152000 ---p 00000000 00:00 0 
7f79d9152000-7f79d91b1000 rw-p 00000000 00:00 0 
7f79d91b1000-7f79d971b000 ---p 00000000 00:00 0 
7f79d971b000-7f79d9b26000 rw-p 00000000 00:00 0 
7f79d9b26000-7f79d9c0c000 ---p 00000000 00:00 0 
7f79d9c0c000-7f79d9c11000 rw-p 00000000 00:00 0 
7f79d9c11000-7f79d9cf7000 ---p 00000000 00:00 0 
7f79d9cf7000-7f79d9cfc000 rw-p 00000000 00:00 0 
7f79d9cfc000-7f79d9d03000 ---p 00000000 00:00 0 
7f79d9d03000-7f79d9d05000 r--p 00000000 08:09 2242620                    /usr/lib/jvm/java-17-openjdk-amd64/lib/libzip.so
7f79d9d05000-7f79d9d09000 r-xp 00002000 08:09 2242620                    /usr/lib/jvm/java-17-openjdk-amd64/lib/libzip.so
7f79d9d09000-7f79d9d0b000 r--p 00006000 08:09 2242620                    /usr/lib/jvm/java-17-openjdk-amd64/lib/libzip.so
7f79d9d0b000-7f79d9d0c000 r--p 00007000 08:09 2242620                    /usr/lib/jvm/java-17-openjdk-amd64/lib/libzip.so
7f79d9d0c000-7f79d9d0d000 rw-p 00008000 08:09 2242620                    /usr/lib/jvm/java-17-openjdk-amd64/lib/libzip.so
7f79d9d0d000-7f79d9d19000 r--p 00000000 08:09 2242599                    /usr/lib/jvm/java-17-openjdk-amd64/lib/libjava.so
7f79d9d19000-7f79d9d2a000 r-xp 0000c000 08:09 2242599                    /usr/lib/jvm/java-17-openjdk-amd64/lib/libjava.so
7f79d9d2a000-7f79d9d30000 r--p 0001d000 08:09 2242599                    /usr/lib/jvm/java-17-openjdk-amd64/lib/libjava.so
7f79d9d30000-7f79d9d31000 r--p 00022000 08:09 2242599                    /usr/lib/jvm/java-17-openjdk-amd64/lib/libjava.so
7f79d9d31000-7f79d9d32000 rw-p 00023000 08:09 2242599                    /usr/lib/jvm/java-17-openjdk-amd64/lib/libjava.so
7f79d9d32000-7f79d9d33000 rw-p 00000000 00:00 0 
7f79d9d33000-7f79d9d37000 ---p 00000000 00:00 0 
7f79d9d37000-7f79d9e33000 rw-p 00000000 00:00 0 
7f79d9e33000-7f79d9e36000 r--p 00000000 08:09 656027                     /usr/lib/x86_64-linux-gnu/libgcc_s.so.1
7f79d9e36000-7f79d9e4d000 r-xp 00003000 08:09 656027                     /usr/lib/x86_64-linux-gnu/libgcc_s.so.1
7f79d9e4d000-7f79d9e51000 r--p 0001a000 08:09 656027                     /usr/lib/x86_64-linux-gnu/libgcc_s.so.1
7f79d9e51000-7f79d9e52000 r--p 0001d000 08:09 656027                     /usr/lib/x86_64-linux-gnu/libgcc_s.so.1
7f79d9e52000-7f79d9e53000 rw-p 0001e000 08:09 656027                     /usr/lib/x86_64-linux-gnu/libgcc_s.so.1
7f79d9e53000-7f79d9e63000 r--p 00000000 08:09 685883                     /usr/lib/x86_64-linux-gnu/libm.so.6
7f79d9e63000-7f79d9ed6000 r-xp 00010000 08:09 685883                     /usr/lib/x86_64-linux-gnu/libm.so.6
7f79d9ed6000-7f79d9f30000 r--p 00083000 08:09 685883                     /usr/lib/x86_64-linux-gnu/libm.so.6
7f79d9f30000-7f79d9f31000 r--p 000dc000 08:09 685883                     /usr/lib/x86_64-linux-gnu/libm.so.6
7f79d9f31000-7f79d9f32000 rw-p 000dd000 08:09 685883                     /usr/lib/x86_64-linux-gnu/libm.so.6
7f79d9f32000-7f79d9fcb000 r--p 00000000 08:09 655390                     /usr/lib/x86_64-linux-gnu/libstdc++.so.6.0.30
7f79d9fcb000-7f79da0cc000 r-xp 00099000 08:09 655390                     /usr/lib/x86_64-linux-gnu/libstdc++.so.6.0.30
7f79da0cc000-7f79da13b000 r--p 0019a000 08:09 655390                     /usr/lib/x86_64-linux-gnu/libstdc++.so.6.0.30
7f79da13b000-7f79da146000 r--p 00209000 08:09 655390                     /usr/lib/x86_64-linux-gnu/libstdc++.so.6.0.30
7f79da146000-7f79da149000 rw-p 00214000 08:09 655390                     /usr/lib/x86_64-linux-gnu/libstdc++.so.6.0.30
7f79da149000-7f79da14c000 rw-p 00000000 00:00 0 
7f79da14c000-7f79da39c000 r--p 00000000 08:09 2509122                    /usr/lib/jvm/java-17-openjdk-amd64/lib/server/libjvm.so
7f79da39c000-7f79db0ff000 r-xp 00250000 08:09 2509122                    /usr/lib/jvm/java-17-openjdk-amd64/lib/server/libjvm.so
7f79db0ff000-7f79db37f000 r--p 00fb3000 08:09 2509122                    /usr/lib/jvm/java-17-openjdk-amd64/lib/server/libjvm.so
7f79db37f000-7f79db437000 r--p 01233000 08:09 2509122                    /usr/lib/jvm/java-17-openjdk-amd64/lib/server/libjvm.so
7f79db437000-7f79db46c000 rw-p 012eb000 08:09 2509122                    /usr/lib/jvm/java-17-openjdk-amd64/lib/server/libjvm.so
7f79db46c000-7f79db4c8000 rw-p 00000000 00:00 0 
7f79db4c8000-7f79db4cb000 r--p 00000000 08:09 657587                     /usr/lib/x86_64-linux-gnu/libz.so.1.2.11
7f79db4cb000-7f79db4dc000 r-xp 00003000 08:09 657587                     /usr/lib/x86_64-linux-gnu/libz.so.1.2.11
7f79db4dc000-7f79db4e2000 r--p 00014000 08:09 657587                     /usr/lib/x86_64-linux-gnu/libz.so.1.2.11
7f79db4e2000-7f79db4e3000 ---p 0001a000 08:09 657587                     /usr/lib/x86_64-linux-gnu/libz.so.1.2.11
7f79db4e3000-7f79db4e4000 r--p 0001a000 08:09 657587                     /usr/lib/x86_64-linux-gnu/libz.so.1.2.11
7f79db4e4000-7f79db4e5000 rw-p 0001b000 08:09 657587                     /usr/lib/x86_64-linux-gnu/libz.so.1.2.11
7f79db4e5000-7f79db50b000 r--p 00000000 08:09 685880                     /usr/lib/x86_64-linux-gnu/libc.so.6
7f79db50b000-7f79db660000 r-xp 00026000 08:09 685880                     /usr/lib/x86_64-linux-gnu/libc.so.6
7f79db660000-7f79db6b3000 r--p 0017b000 08:09 685880                     /usr/lib/x86_64-linux-gnu/libc.so.6
7f79db6b3000-7f79db6b7000 r--p 001ce000 08:09 685880                     /usr/lib/x86_64-linux-gnu/libc.so.6
7f79db6b7000-7f79db6b9000 rw-p 001d2000 08:09 685880                     /usr/lib/x86_64-linux-gnu/libc.so.6
7f79db6b9000-7f79db6c6000 rw-p 00000000 00:00 0 
7f79db6ca000-7f79db6cc000 r--s 0000c000 08:09 1201706                    /usr/share/java/java-atk-wrapper.jar
7f79db6cc000-7f79db6d4000 rw-s 00000000 08:09 3276846                    /tmp/hsperfdata_pavl-machine/642823 (deleted)
7f79db6d4000-7f79db6d5000 ---p 00000000 00:00 0 
7f79db6d5000-7f79db6d6000 r--p 00000000 00:00 0 
7f79db6d6000-7f79db6d7000 ---p 00000000 00:00 0 
7f79db6d7000-7f79db6d9000 r--p 00000000 08:09 2242602                    /usr/lib/jvm/java-17-openjdk-amd64/lib/libjimage.so
7f79db6d9000-7f79db6dc000 r-xp 00002000 08:09 2242602                    /usr/lib/jvm/java-17-openjdk-amd64/lib/libjimage.so
7f79db6dc000-7f79db6dd000 r--p 00005000 08:09 2242602                    /usr/lib/jvm/java-17-openjdk-amd64/lib/libjimage.so
7f79db6dd000-7f79db6de000 r--p 00006000 08:09 2242602                    /usr/lib/jvm/java-17-openjdk-amd64/lib/libjimage.so
7f79db6de000-7f79db6df000 rw-p 00007000 08:09 2242602                    /usr/lib/jvm/java-17-openjdk-amd64/lib/libjimage.so
7f79db6df000-7f79db6e1000 r--p 00000000 08:09 2242603                    /usr/lib/jvm/java-17-openjdk-amd64/lib/libjli.so
7f79db6e1000-7f79db6ea000 r-xp 00002000 08:09 2242603                    /usr/lib/jvm/java-17-openjdk-amd64/lib/libjli.so
7f79db6ea000-7f79db6ed000 r--p 0000b000 08:09 2242603                    /usr/lib/jvm/java-17-openjdk-amd64/lib/libjli.so
7f79db6ed000-7f79db6ee000 r--p 0000d000 08:09 2242603                    /usr/lib/jvm/java-17-openjdk-amd64/lib/libjli.so
7f79db6ee000-7f79db6ef000 rw-p 0000e000 08:09 2242603                    /usr/lib/jvm/java-17-openjdk-amd64/lib/libjli.so
7f79db6ef000-7f79db6f1000 rw-p 00000000 00:00 0 
7f79db6f1000-7f79db6f2000 r--p 00000000 08:09 685876                     /usr/lib/x86_64-linux-gnu/ld-linux-x86-64.so.2
7f79db6f2000-7f79db717000 r-xp 00001000 08:09 685876                     /usr/lib/x86_64-linux-gnu/ld-linux-x86-64.so.2
7f79db717000-7f79db721000 r--p 00026000 08:09 685876                     /usr/lib/x86_64-linux-gnu/ld-linux-x86-64.so.2
7f79db721000-7f79db723000 r--p 00030000 08:09 685876                     /usr/lib/x86_64-linux-gnu/ld-linux-x86-64.so.2
7f79db723000-7f79db725000 rw-p 00032000 08:09 685876                     /usr/lib/x86_64-linux-gnu/ld-linux-x86-64.so.2
7ffc0908e000-7ffc090af000 rw-p 00000000 00:00 0                          [stack]
7ffc091a3000-7ffc091a7000 r--p 00000000 00:00 0                          [vvar]
7ffc091a7000-7ffc091a9000 r-xp 00000000 00:00 0                          [vdso]


VM Arguments:
jvm_args: -Dfile.encoding=UTF-8 -Duser.country=US -Duser.language=en -Duser.variant 
java_command: com.avrsandbox.snaploader.examples.TestMultiThreading
java_class_path (initial): /home/twisted/GradleProjects/jSnapLoader/snaploader-examples/build/classes/java/main:/home/twisted/GradleProjects/jSnapLoader/snaploader-examples/build/resources/main:/home/twisted/GradleProjects/jSnapLoader/snaploader/build/libs/snaploader-SNAPSHOT.jar
Launcher Type: SUN_STANDARD

[Global flags]
     intx CICompilerCount                          = 3                                         {product} {ergonomic}
     uint ConcGCThreads                            = 1                                         {product} {ergonomic}
     uint G1ConcRefinementThreads                  = 4                                         {product} {ergonomic}
   size_t G1HeapRegionSize                         = 2097152                                   {product} {ergonomic}
    uintx GCDrainStackTargetSize                   = 64                                        {product} {ergonomic}
   size_t InitialHeapSize                          = 195035136                                 {product} {ergonomic}
   size_t MarkStackSize                            = 4194304                                   {product} {ergonomic}
   size_t MaxHeapSize                              = 3105882112                                {product} {ergonomic}
   size_t MaxNewSize                               = 1862270976                                {product} {ergonomic}
   size_t MinHeapDeltaBytes                        = 2097152                                   {product} {ergonomic}
   size_t MinHeapSize                              = 8388608                                   {product} {ergonomic}
    uintx NonNMethodCodeHeapSize                   = 5832780                                {pd product} {ergonomic}
    uintx NonProfiledCodeHeapSize                  = 122912730                              {pd product} {ergonomic}
    uintx ProfiledCodeHeapSize                     = 122912730                              {pd product} {ergonomic}
    uintx ReservedCodeCacheSize                    = 251658240                              {pd product} {ergonomic}
     bool SegmentedCodeCache                       = true                                      {product} {ergonomic}
   size_t SoftMaxHeapSize                          = 3105882112                             {manageable} {ergonomic}
     bool UseCompressedClassPointers               = true                           {product lp64_product} {ergonomic}
     bool UseCompressedOops                        = true                           {product lp64_product} {ergonomic}
     bool UseG1GC                                  = true                                      {product} {ergonomic}

Logging:
Log output configuration:
 #0: stdout all=off uptime,level,tags
 #1: stderr all=off uptime,level,tags

Environment Variables:
PATH=/home/pavl-machine/.sdkman/candidates/gradle/current/bin:/home/pavl-machine/.local/bin:/snap/bin:/usr/sandbox/:/usr/local/bin:/usr/bin:/bin:/usr/local/games:/usr/games:/usr/share/games:/usr/local/sbin:/usr/sbin:/sbin:/usr/local/bin:/usr/bin:/bin:/usr/local/games:/usr/games
SHELL=/bin/bash
DISPLAY=:0
LANG=en_US.UTF-8
TERM=xterm-256color

Signal Handlers:
   SIGSEGV: 0x00007f79db07f3e0 in libjvm.so+15938528, mask=11100100010111111101111111111110, flags=SA_RESTART|SA_SIGINFO
    SIGBUS: 0x00007f79db07f3e0 in libjvm.so+15938528, mask=11100100010111111101111111111110, flags=SA_RESTART|SA_SIGINFO
    SIGFPE: 0x00007f79db07f3e0 in libjvm.so+15938528, mask=11100100010111111101111111111110, flags=SA_RESTART|SA_SIGINFO
   SIGPIPE: 0x00007f79daf21b50 in libjvm.so+14506832, mask=11100100010111111101111111111110, flags=SA_RESTART|SA_SIGINFO
  *** Handler was modified!
  *** Expected: 0x00007f79d4146f50, mask=00000001111111000000000000101011, flags=SA_RESTART|SA_SIGINFO
   SIGXFSZ: 0x00007f79daf21b50 in libjvm.so+14506832, mask=11100100010111111101111111111110, flags=SA_RESTART|SA_SIGINFO
  *** Handler was modified!
  *** Expected: 0x00007f79d4003d00, mask=00001001000000000000000000101011, flags=SA_RESTART|SA_SIGINFO
    SIGILL: 0x00007f79db07f3e0 in libjvm.so+15938528, mask=11100100010111111101111111111110, flags=SA_RESTART|SA_SIGINFO
   SIGUSR2: 0x00007f79daf212a0 in libjvm.so+14504608, mask=00100000000000000000000000000000, flags=SA_RESTART|SA_SIGINFO
  *** Handler was modified!
  *** Expected: 0x00007f7e239d7c73, mask=10011011010011111100101111001110, flags=SA_RESTART|SA_SIGINFO
    SIGHUP: 0x00007f79daf211d0 in libjvm.so+14504400, mask=11100100010111111101111111111110, flags=SA_RESTART|SA_SIGINFO
    SIGINT: 0x00007f79daf211d0 in libjvm.so+14504400, mask=11100100010111111101111111111110, flags=SA_RESTART|SA_SIGINFO
   SIGTERM: 0x00007f79daf211d0 in libjvm.so+14504400, mask=11100100010111111101111111111110, flags=SA_RESTART|SA_SIGINFO
   SIGQUIT: 0x00007f79daf211d0 in libjvm.so+14504400, mask=11100100010111111101111111111110, flags=SA_RESTART|SA_SIGINFO
   SIGTRAP: 0x00007f79db07f3e0 in libjvm.so+15938528, mask=11100100010111111101111111111110, flags=SA_RESTART|SA_SIGINFO


---------------  S Y S T E M  ---------------

OS:
PRETTY_NAME="Debian GNU/Linux 11 (bullseye)"
NAME="Debian GNU/Linux"
VERSION_ID="11"
VERSION="11 (bullseye)"
VERSION_CODENAME=bullseye
ID=debian
HOME_URL="https://www.debian.org/"
SUPPORT_URL="https://www.debian.org/support"
BUG_REPORT_URL="https://bugs.debian.org/"
uname: Linux 5.10.0-18-amd64 #1 SMP Debian 5.10.140-1 (2022-09-02) x86_64
OS uptime: 5 days 22:53 hours
libc: glibc 2.36 NPTL 2.36 
rlimit (soft/hard): STACK 8192k/infinity , CORE 0k/infinity , NPROC 47189/47189 , NOFILE 1048576/1048576 , AS infinity/infinity , CPU infinity/infinity , DATA infinity/infinity , FSIZE infinity/infinity , MEMLOCK 1515922k/1515922k
load average: 5.78 4.85 4.32

/proc/meminfo:
MemTotal:       12127380 kB
MemFree:         3830156 kB
MemAvailable:    6371376 kB
Buffers:          661764 kB
Cached:          2464032 kB
SwapCached:       150864 kB
Active:          2293504 kB
Inactive:        5205148 kB
Active(anon):     400252 kB
Inactive(anon):  4421912 kB
Active(file):    1893252 kB
Inactive(file):   783236 kB
Unevictable:      283516 kB
Mlocked:              96 kB
SwapTotal:       6836220 kB
SwapFree:        6361444 kB
Dirty:               924 kB
Writeback:             0 kB
AnonPages:       4457376 kB
Mapped:           911900 kB
Shmem:            452384 kB
KReclaimable:     187620 kB
Slab:             353700 kB
SReclaimable:     187620 kB
SUnreclaim:       166080 kB
KernelStack:       16496 kB
PageTables:        46804 kB
NFS_Unstable:          0 kB
Bounce:                0 kB
WritebackTmp:          0 kB
CommitLimit:    12899908 kB
Committed_AS:   12360492 kB
VmallocTotal:   34359738367 kB
VmallocUsed:       51168 kB
VmallocChunk:          0 kB
Percpu:             4688 kB
HardwareCorrupted:     0 kB
AnonHugePages:   2607104 kB
ShmemHugePages:        0 kB
ShmemPmdMapped:        0 kB
FileHugePages:         0 kB
FilePmdMapped:         0 kB
HugePages_Total:       0
HugePages_Free:        0
HugePages_Rsvd:        0
HugePages_Surp:        0
Hugepagesize:       2048 kB
Hugetlb:               0 kB
DirectMap4k:      631060 kB
DirectMap2M:    11814912 kB
DirectMap1G:     1048576 kB

/sys/kernel/mm/transparent_hugepage/enabled: [always] madvise never
/sys/kernel/mm/transparent_hugepage/defrag (defrag/compaction efforts parameter): always defer defer+madvise [madvise] never

Process Memory:
Virtual Size: 6327236K (peak: 6392744K)
Resident Set Size: 134592K (peak: 134592K) (anon: 107028K, file: 27564K, shmem: 0K)
Swapped out: 0K
C-Heap outstanding allocations: 69405K, retained: 8542K
glibc malloc tunables: (default)

/proc/sys/kernel/threads-max (system-wide limit on the number of threads): 94378
/proc/sys/vm/max_map_count (maximum number of memory map areas a process may have): 65530
/proc/sys/kernel/pid_max (system-wide limit on number of process identifiers): 4194304

container (cgroup) information:
container_type: cgroupv2
cpu_cpuset_cpus: not supported
cpu_memory_nodes: not supported
active_processor_count: 4
cpu_quota: not supported
cpu_period: not supported
cpu_shares: not supported
memory_limit_in_bytes: unlimited
memory_and_swap_limit_in_bytes: unlimited
memory_soft_limit_in_bytes: unlimited
memory_usage_in_bytes: 1092408 k
memory_max_usage_in_bytes: not supported
memory_swap_current_in_bytes: 222560 k
memory_swap_max_limit_in_bytes: unlimited
maximum number of tasks: 14156
current number of tasks: 94

Steal ticks since vm start: 0
Steal ticks percentage since vm start:  0.000

CPU: total 4 (initial active 4) (2 cores per cpu, 2 threads per core) family 6 model 142 stepping 9 microcode 0x8e, cx8, cmov, fxsr, ht, mmx, 3dnowpref, sse, sse2, sse3, ssse3, sse4.1, sse4.2, popcnt, lzcnt, tsc, tscinvbit, avx, avx2, aes, erms, clmul, bmi1, bmi2, adx, fma, vzeroupper, clflush, clflushopt
CPU Model and flags from /proc/cpuinfo:
model name	: Intel(R) Core(TM) i3-7020U CPU @ 2.30GHz
flags		: fpu vme de pse tsc msr pae mce cx8 apic sep mtrr pge mca cmov pat pse36 clflush dts acpi mmx fxsr sse sse2 ss ht tm pbe syscall nx pdpe1gb rdtscp lm constant_tsc art arch_perfmon pebs bts rep_good nopl xtopology nonstop_tsc cpuid aperfmperf pni pclmulqdq dtes64 monitor ds_cpl vmx est tm2 ssse3 sdbg fma cx16 xtpr pdcm pcid sse4_1 sse4_2 x2apic movbe popcnt tsc_deadline_timer aes xsave avx f16c rdrand lahf_lm abm 3dnowprefetch cpuid_fault epb invpcid_single pti ssbd ibrs ibpb stibp tpr_shadow vnmi flexpriority ept vpid ept_ad fsgsbase tsc_adjust bmi1 avx2 smep bmi2 erms invpcid mpx rdseed adx smap clflushopt intel_pt xsaveopt xsavec xgetbv1 xsaves dtherm arat pln pts hwp hwp_notify hwp_act_window hwp_epp flush_l1d

Online cpus: 0-3
Offline cpus: 
BIOS frequency limitation: <Not Available>
Frequency switch latency (ns): 0
Available cpu frequencies: <Not Available>
Current governor: powersave
Core performance/turbo boost: <Not Available>

Memory: 4k page, physical 12127380k(3830156k free), swap 6836220k(6361444k free)
Page Sizes: 4k

vm_info: OpenJDK 64-Bit Server VM (17.0.6+10-Debian-1) for linux-amd64 JRE (17.0.6+10-Debian-1), built on Jan 26 2023 12:57:38 by "buildd" with gcc 12.2.0

END.
